  Building NVCC (Device) object character_recognition/CMakeFiles/character_recognition.dir/Debug/character_recognition_generated_mlp.cu.obj
  mlp.cu
C:/Users/saketk/Project2-Number-Algorithms/Project2-Character-Recognition/character_recognition/mlp.cu(159): warning C4002: too many actual parameters for macro 'checkCUDAError'
C:/Users/saketk/Project2-Number-Algorithms/Project2-Character-Recognition/character_recognition/mlp.cu(215): warning C4002: too many actual parameters for macro 'checkCUDAError'
C:/Users/saketk/Project2-Number-Algorithms/Project2-Character-Recognition/character_recognition/mlp.cu(236): warning C4002: too many actual parameters for macro 'checkCUDAError'
C:/Users/saketk/Project2-Number-Algorithms/Project2-Character-Recognition/character_recognition/mlp.cu(281): warning C4002: too many actual parameters for macro 'checkCUDAError'
C:/Users/saketk/Project2-Number-Algorithms/Project2-Character-Recognition/character_recognition/mlp.cu(295): warning C4002: too many actual parameters for macro 'checkCUDAError'
C:/Users/saketk/Project2-Number-Algorithms/Project2-Character-Recognition/character_recognition/mlp.cu(300): warning C4002: too many actual parameters for macro 'checkCUDAError'
C:/Users/saketk/Project2-Number-Algorithms/Project2-Character-Recognition/character_recognition/mlp.cu(306): warning C4002: too many actual parameters for macro 'checkCUDAError'
C:/Users/saketk/Project2-Number-Algorithms/Project2-Character-Recognition/character_recognition/mlp.cu(316): warning C4002: too many actual parameters for macro 'checkCUDAError'
C:/Users/saketk/Project2-Number-Algorithms/Project2-Character-Recognition/character_recognition/mlp.cu(327): warning C4002: too many actual parameters for macro 'checkCUDAError'
C:/Users/saketk/Project2-Number-Algorithms/Project2-Character-Recognition/character_recognition/mlp.cu(358): warning C4002: too many actual parameters for macro 'checkCUDAError'
C:/Users/saketk/Project2-Number-Algorithms/Project2-Character-Recognition/character_recognition/mlp.cu(361): warning C4002: too many actual parameters for macro 'checkCUDAError'
C:/Users/saketk/Project2-Number-Algorithms/Project2-Character-Recognition/character_recognition/mlp.cu(383): warning C4002: too many actual parameters for macro 'checkCUDAError'
C:/Users/saketk/Project2-Number-Algorithms/Project2-Character-Recognition/character_recognition/mlp.cu(386): warning C4002: too many actual parameters for macro 'checkCUDAError'
C:/Users/saketk/Project2-Number-Algorithms/Project2-Character-Recognition/character_recognition/mlp.cu(390): warning C4002: too many actual parameters for macro 'checkCUDAError'
C:/Users/saketk/Project2-Number-Algorithms/Project2-Character-Recognition/character_recognition/mlp.cu(393): warning C4002: too many actual parameters for macro 'checkCUDAError'
C:/Users/saketk/Project2-Number-Algorithms/Project2-Character-Recognition/character_recognition/mlp.cu(397): warning C4002: too many actual parameters for macro 'checkCUDAError'
C:/Users/saketk/Project2-Number-Algorithms/Project2-Character-Recognition/character_recognition/mlp.cu(400): warning C4002: too many actual parameters for macro 'checkCUDAError'
C:/Users/saketk/Project2-Number-Algorithms/Project2-Character-Recognition/character_recognition/mlp.cu(403): warning C4002: too many actual parameters for macro 'checkCUDAError'
C:/Users/saketk/Project2-Number-Algorithms/Project2-Character-Recognition/character_recognition/mlp.cu(429): warning C4002: too many actual parameters for macro 'checkCUDAError'
C:/Users/saketk/Project2-Number-Algorithms/Project2-Character-Recognition/character_recognition/mlp.cu(434): warning C4002: too many actual parameters for macro 'checkCUDAError'
C:/Users/saketk/Project2-Number-Algorithms/Project2-Character-Recognition/character_recognition/mlp.cu(442): warning C4002: too many actual parameters for macro 'checkCUDAError'
C:/Users/saketk/Project2-Number-Algorithms/Project2-Character-Recognition/character_recognition/mlp.cu(445): warning C4002: too many actual parameters for macro 'checkCUDAError'
C:/Users/saketk/Project2-Number-Algorithms/Project2-Character-Recognition/character_recognition/mlp.cu(497): warning C4002: too many actual parameters for macro 'checkCUDAError'
C:/Users/saketk/Project2-Number-Algorithms/Project2-Character-Recognition/character_recognition/mlp.cu(159): warning C4002: too many actual parameters for macro 'checkCUDAError'
C:/Users/saketk/Project2-Number-Algorithms/Project2-Character-Recognition/character_recognition/mlp.cu(215): warning C4002: too many actual parameters for macro 'checkCUDAError'
C:/Users/saketk/Project2-Number-Algorithms/Project2-Character-Recognition/character_recognition/mlp.cu(236): warning C4002: too many actual parameters for macro 'checkCUDAError'
C:/Users/saketk/Project2-Number-Algorithms/Project2-Character-Recognition/character_recognition/mlp.cu(281): warning C4002: too many actual parameters for macro 'checkCUDAError'
C:/Users/saketk/Project2-Number-Algorithms/Project2-Character-Recognition/character_recognition/mlp.cu(295): warning C4002: too many actual parameters for macro 'checkCUDAError'
C:/Users/saketk/Project2-Number-Algorithms/Project2-Character-Recognition/character_recognition/mlp.cu(300): warning C4002: too many actual parameters for macro 'checkCUDAError'
C:/Users/saketk/Project2-Number-Algorithms/Project2-Character-Recognition/character_recognition/mlp.cu(306): warning C4002: too many actual parameters for macro 'checkCUDAError'
C:/Users/saketk/Project2-Number-Algorithms/Project2-Character-Recognition/character_recognition/mlp.cu(316): warning C4002: too many actual parameters for macro 'checkCUDAError'
C:/Users/saketk/Project2-Number-Algorithms/Project2-Character-Recognition/character_recognition/mlp.cu(327): warning C4002: too many actual parameters for macro 'checkCUDAError'
C:/Users/saketk/Project2-Number-Algorithms/Project2-Character-Recognition/character_recognition/mlp.cu(358): warning C4002: too many actual parameters for macro 'checkCUDAError'
C:/Users/saketk/Project2-Number-Algorithms/Project2-Character-Recognition/character_recognition/mlp.cu(361): warning C4002: too many actual parameters for macro 'checkCUDAError'
C:/Users/saketk/Project2-Number-Algorithms/Project2-Character-Recognition/character_recognition/mlp.cu(383): warning C4002: too many actual parameters for macro 'checkCUDAError'
C:/Users/saketk/Project2-Number-Algorithms/Project2-Character-Recognition/character_recognition/mlp.cu(386): warning C4002: too many actual parameters for macro 'checkCUDAError'
C:/Users/saketk/Project2-Number-Algorithms/Project2-Character-Recognition/character_recognition/mlp.cu(390): warning C4002: too many actual parameters for macro 'checkCUDAError'
C:/Users/saketk/Project2-Number-Algorithms/Project2-Character-Recognition/character_recognition/mlp.cu(393): warning C4002: too many actual parameters for macro 'checkCUDAError'
C:/Users/saketk/Project2-Number-Algorithms/Project2-Character-Recognition/character_recognition/mlp.cu(397): warning C4002: too many actual parameters for macro 'checkCUDAError'
C:/Users/saketk/Project2-Number-Algorithms/Project2-Character-Recognition/character_recognition/mlp.cu(400): warning C4002: too many actual parameters for macro 'checkCUDAError'
C:/Users/saketk/Project2-Number-Algorithms/Project2-Character-Recognition/character_recognition/mlp.cu(403): warning C4002: too many actual parameters for macro 'checkCUDAError'
C:/Users/saketk/Project2-Number-Algorithms/Project2-Character-Recognition/character_recognition/mlp.cu(429): warning C4002: too many actual parameters for macro 'checkCUDAError'
C:/Users/saketk/Project2-Number-Algorithms/Project2-Character-Recognition/character_recognition/mlp.cu(434): warning C4002: too many actual parameters for macro 'checkCUDAError'
C:/Users/saketk/Project2-Number-Algorithms/Project2-Character-Recognition/character_recognition/mlp.cu(442): warning C4002: too many actual parameters for macro 'checkCUDAError'
C:/Users/saketk/Project2-Number-Algorithms/Project2-Character-Recognition/character_recognition/mlp.cu(445): warning C4002: too many actual parameters for macro 'checkCUDAError'
C:/Users/saketk/Project2-Number-Algorithms/Project2-Character-Recognition/character_recognition/mlp.cu(497): warning C4002: too many actual parameters for macro 'checkCUDAError'
C:/Users/saketk/Project2-Number-Algorithms/Project2-Character-Recognition/character_recognition/mlp.cu(159): warning C4002: too many actual parameters for macro 'checkCUDAError'
C:/Users/saketk/Project2-Number-Algorithms/Project2-Character-Recognition/character_recognition/mlp.cu(215): warning C4002: too many actual parameters for macro 'checkCUDAError'
C:/Users/saketk/Project2-Number-Algorithms/Project2-Character-Recognition/character_recognition/mlp.cu(236): warning C4002: too many actual parameters for macro 'checkCUDAError'
C:/Users/saketk/Project2-Number-Algorithms/Project2-Character-Recognition/character_recognition/mlp.cu(281): warning C4002: too many actual parameters for macro 'checkCUDAError'
C:/Users/saketk/Project2-Number-Algorithms/Project2-Character-Recognition/character_recognition/mlp.cu(295): warning C4002: too many actual parameters for macro 'checkCUDAError'
C:/Users/saketk/Project2-Number-Algorithms/Project2-Character-Recognition/character_recognition/mlp.cu(300): warning C4002: too many actual parameters for macro 'checkCUDAError'
C:/Users/saketk/Project2-Number-Algorithms/Project2-Character-Recognition/character_recognition/mlp.cu(306): warning C4002: too many actual parameters for macro 'checkCUDAError'
C:/Users/saketk/Project2-Number-Algorithms/Project2-Character-Recognition/character_recognition/mlp.cu(316): warning C4002: too many actual parameters for macro 'checkCUDAError'
C:/Users/saketk/Project2-Number-Algorithms/Project2-Character-Recognition/character_recognition/mlp.cu(327): warning C4002: too many actual parameters for macro 'checkCUDAError'
C:/Users/saketk/Project2-Number-Algorithms/Project2-Character-Recognition/character_recognition/mlp.cu(358): warning C4002: too many actual parameters for macro 'checkCUDAError'
C:/Users/saketk/Project2-Number-Algorithms/Project2-Character-Recognition/character_recognition/mlp.cu(361): warning C4002: too many actual parameters for macro 'checkCUDAError'
C:/Users/saketk/Project2-Number-Algorithms/Project2-Character-Recognition/character_recognition/mlp.cu(383): warning C4002: too many actual parameters for macro 'checkCUDAError'
C:/Users/saketk/Project2-Number-Algorithms/Project2-Character-Recognition/character_recognition/mlp.cu(386): warning C4002: too many actual parameters for macro 'checkCUDAError'
C:/Users/saketk/Project2-Number-Algorithms/Project2-Character-Recognition/character_recognition/mlp.cu(390): warning C4002: too many actual parameters for macro 'checkCUDAError'
C:/Users/saketk/Project2-Number-Algorithms/Project2-Character-Recognition/character_recognition/mlp.cu(393): warning C4002: too many actual parameters for macro 'checkCUDAError'
C:/Users/saketk/Project2-Number-Algorithms/Project2-Character-Recognition/character_recognition/mlp.cu(397): warning C4002: too many actual parameters for macro 'checkCUDAError'
C:/Users/saketk/Project2-Number-Algorithms/Project2-Character-Recognition/character_recognition/mlp.cu(400): warning C4002: too many actual parameters for macro 'checkCUDAError'
C:/Users/saketk/Project2-Number-Algorithms/Project2-Character-Recognition/character_recognition/mlp.cu(403): warning C4002: too many actual parameters for macro 'checkCUDAError'
C:/Users/saketk/Project2-Number-Algorithms/Project2-Character-Recognition/character_recognition/mlp.cu(429): warning C4002: too many actual parameters for macro 'checkCUDAError'
C:/Users/saketk/Project2-Number-Algorithms/Project2-Character-Recognition/character_recognition/mlp.cu(434): warning C4002: too many actual parameters for macro 'checkCUDAError'
C:/Users/saketk/Project2-Number-Algorithms/Project2-Character-Recognition/character_recognition/mlp.cu(442): warning C4002: too many actual parameters for macro 'checkCUDAError'
C:/Users/saketk/Project2-Number-Algorithms/Project2-Character-Recognition/character_recognition/mlp.cu(445): warning C4002: too many actual parameters for macro 'checkCUDAError'
C:/Users/saketk/Project2-Number-Algorithms/Project2-Character-Recognition/character_recognition/mlp.cu(497): warning C4002: too many actual parameters for macro 'checkCUDAError'
C:/Users/saketk/Project2-Number-Algorithms/Project2-Character-Recognition/character_recognition/mlp.cu(159): warning C4002: too many actual parameters for macro 'checkCUDAError'
C:/Users/saketk/Project2-Number-Algorithms/Project2-Character-Recognition/character_recognition/mlp.cu(215): warning C4002: too many actual parameters for macro 'checkCUDAError'
C:/Users/saketk/Project2-Number-Algorithms/Project2-Character-Recognition/character_recognition/mlp.cu(236): warning C4002: too many actual parameters for macro 'checkCUDAError'
C:/Users/saketk/Project2-Number-Algorithms/Project2-Character-Recognition/character_recognition/mlp.cu(281): warning C4002: too many actual parameters for macro 'checkCUDAError'
C:/Users/saketk/Project2-Number-Algorithms/Project2-Character-Recognition/character_recognition/mlp.cu(295): warning C4002: too many actual parameters for macro 'checkCUDAError'
C:/Users/saketk/Project2-Number-Algorithms/Project2-Character-Recognition/character_recognition/mlp.cu(300): warning C4002: too many actual parameters for macro 'checkCUDAError'
C:/Users/saketk/Project2-Number-Algorithms/Project2-Character-Recognition/character_recognition/mlp.cu(306): warning C4002: too many actual parameters for macro 'checkCUDAError'
C:/Users/saketk/Project2-Number-Algorithms/Project2-Character-Recognition/character_recognition/mlp.cu(316): warning C4002: too many actual parameters for macro 'checkCUDAError'
C:/Users/saketk/Project2-Number-Algorithms/Project2-Character-Recognition/character_recognition/mlp.cu(327): warning C4002: too many actual parameters for macro 'checkCUDAError'
C:/Users/saketk/Project2-Number-Algorithms/Project2-Character-Recognition/character_recognition/mlp.cu(358): warning C4002: too many actual parameters for macro 'checkCUDAError'
C:/Users/saketk/Project2-Number-Algorithms/Project2-Character-Recognition/character_recognition/mlp.cu(361): warning C4002: too many actual parameters for macro 'checkCUDAError'
C:/Users/saketk/Project2-Number-Algorithms/Project2-Character-Recognition/character_recognition/mlp.cu(383): warning C4002: too many actual parameters for macro 'checkCUDAError'
C:/Users/saketk/Project2-Number-Algorithms/Project2-Character-Recognition/character_recognition/mlp.cu(386): warning C4002: too many actual parameters for macro 'checkCUDAError'
C:/Users/saketk/Project2-Number-Algorithms/Project2-Character-Recognition/character_recognition/mlp.cu(390): warning C4002: too many actual parameters for macro 'checkCUDAError'
C:/Users/saketk/Project2-Number-Algorithms/Project2-Character-Recognition/character_recognition/mlp.cu(393): warning C4002: too many actual parameters for macro 'checkCUDAError'
C:/Users/saketk/Project2-Number-Algorithms/Project2-Character-Recognition/character_recognition/mlp.cu(397): warning C4002: too many actual parameters for macro 'checkCUDAError'
C:/Users/saketk/Project2-Number-Algorithms/Project2-Character-Recognition/character_recognition/mlp.cu(400): warning C4002: too many actual parameters for macro 'checkCUDAError'
C:/Users/saketk/Project2-Number-Algorithms/Project2-Character-Recognition/character_recognition/mlp.cu(403): warning C4002: too many actual parameters for macro 'checkCUDAError'
C:/Users/saketk/Project2-Number-Algorithms/Project2-Character-Recognition/character_recognition/mlp.cu(429): warning C4002: too many actual parameters for macro 'checkCUDAError'
C:/Users/saketk/Project2-Number-Algorithms/Project2-Character-Recognition/character_recognition/mlp.cu(434): warning C4002: too many actual parameters for macro 'checkCUDAError'
C:/Users/saketk/Project2-Number-Algorithms/Project2-Character-Recognition/character_recognition/mlp.cu(442): warning C4002: too many actual parameters for macro 'checkCUDAError'
C:/Users/saketk/Project2-Number-Algorithms/Project2-Character-Recognition/character_recognition/mlp.cu(445): warning C4002: too many actual parameters for macro 'checkCUDAError'
C:/Users/saketk/Project2-Number-Algorithms/Project2-Character-Recognition/character_recognition/mlp.cu(497): warning C4002: too many actual parameters for macro 'checkCUDAError'
  mlp.cu
C:/Users/saketk/Project2-Number-Algorithms/Project2-Character-Recognition/character_recognition/mlp.cu(354): warning C4477: 'printf' : format string '%d' requires an argument of type 'int', but variadic argument 3 has type 'float *'
C:/Users/saketk/Project2-Number-Algorithms/Project2-Character-Recognition/character_recognition/mlp.cu(354): warning C4313: 'printf': '%d' in format string conflicts with argument 3 of type 'float *'
  Building NVCC intermediate link file character_recognition/CMakeFiles/character_recognition.dir/Debug/character_recognition_intermediate_link.obj
  character_recognition_generated_common.cu.obj
  character_recognition_generated_mlp.cu.obj
  character_recognition.vcxproj -> C:\Users\saketk\Project2-Number-Algorithms\Project2-Character-Recognition\build\character_recognition\Debug\character_recognition.lib
