  Building NVCC (Device) object stream_compaction/CMakeFiles/stream_compaction.dir/Release/stream_compaction_generated_radix.cu.obj
  radix.cu
C:/Users/saketk/Project2-Number-Algorithms/Project2-Stream-Compaction/stream_compaction/radix.cu(61): warning C4002: too many actual parameters for macro 'checkCUDAError'
C:/Users/saketk/Project2-Number-Algorithms/Project2-Stream-Compaction/stream_compaction/radix.cu(66): warning C4002: too many actual parameters for macro 'checkCUDAError'
C:/Users/saketk/Project2-Number-Algorithms/Project2-Stream-Compaction/stream_compaction/radix.cu(69): warning C4002: too many actual parameters for macro 'checkCUDAError'
C:/Users/saketk/Project2-Number-Algorithms/Project2-Stream-Compaction/stream_compaction/radix.cu(72): warning C4002: too many actual parameters for macro 'checkCUDAError'
C:/Users/saketk/Project2-Number-Algorithms/Project2-Stream-Compaction/stream_compaction/radix.cu(75): warning C4002: too many actual parameters for macro 'checkCUDAError'
C:/Users/saketk/Project2-Number-Algorithms/Project2-Stream-Compaction/stream_compaction/radix.cu(78): warning C4002: too many actual parameters for macro 'checkCUDAError'
C:/Users/saketk/Project2-Number-Algorithms/Project2-Stream-Compaction/stream_compaction/radix.cu(61): warning C4002: too many actual parameters for macro 'checkCUDAError'
C:/Users/saketk/Project2-Number-Algorithms/Project2-Stream-Compaction/stream_compaction/radix.cu(66): warning C4002: too many actual parameters for macro 'checkCUDAError'
C:/Users/saketk/Project2-Number-Algorithms/Project2-Stream-Compaction/stream_compaction/radix.cu(69): warning C4002: too many actual parameters for macro 'checkCUDAError'
C:/Users/saketk/Project2-Number-Algorithms/Project2-Stream-Compaction/stream_compaction/radix.cu(72): warning C4002: too many actual parameters for macro 'checkCUDAError'
C:/Users/saketk/Project2-Number-Algorithms/Project2-Stream-Compaction/stream_compaction/radix.cu(75): warning C4002: too many actual parameters for macro 'checkCUDAError'
C:/Users/saketk/Project2-Number-Algorithms/Project2-Stream-Compaction/stream_compaction/radix.cu(78): warning C4002: too many actual parameters for macro 'checkCUDAError'
C:/Users/saketk/Project2-Number-Algorithms/Project2-Stream-Compaction/stream_compaction/radix.cu(61): warning C4002: too many actual parameters for macro 'checkCUDAError'
C:/Users/saketk/Project2-Number-Algorithms/Project2-Stream-Compaction/stream_compaction/radix.cu(66): warning C4002: too many actual parameters for macro 'checkCUDAError'
C:/Users/saketk/Project2-Number-Algorithms/Project2-Stream-Compaction/stream_compaction/radix.cu(69): warning C4002: too many actual parameters for macro 'checkCUDAError'
C:/Users/saketk/Project2-Number-Algorithms/Project2-Stream-Compaction/stream_compaction/radix.cu(72): warning C4002: too many actual parameters for macro 'checkCUDAError'
C:/Users/saketk/Project2-Number-Algorithms/Project2-Stream-Compaction/stream_compaction/radix.cu(75): warning C4002: too many actual parameters for macro 'checkCUDAError'
C:/Users/saketk/Project2-Number-Algorithms/Project2-Stream-Compaction/stream_compaction/radix.cu(78): warning C4002: too many actual parameters for macro 'checkCUDAError'
C:/Users/saketk/Project2-Number-Algorithms/Project2-Stream-Compaction/stream_compaction/radix.cu(61): warning C4002: too many actual parameters for macro 'checkCUDAError'
C:/Users/saketk/Project2-Number-Algorithms/Project2-Stream-Compaction/stream_compaction/radix.cu(66): warning C4002: too many actual parameters for macro 'checkCUDAError'
C:/Users/saketk/Project2-Number-Algorithms/Project2-Stream-Compaction/stream_compaction/radix.cu(69): warning C4002: too many actual parameters for macro 'checkCUDAError'
C:/Users/saketk/Project2-Number-Algorithms/Project2-Stream-Compaction/stream_compaction/radix.cu(72): warning C4002: too many actual parameters for macro 'checkCUDAError'
C:/Users/saketk/Project2-Number-Algorithms/Project2-Stream-Compaction/stream_compaction/radix.cu(75): warning C4002: too many actual parameters for macro 'checkCUDAError'
C:/Users/saketk/Project2-Number-Algorithms/Project2-Stream-Compaction/stream_compaction/radix.cu(78): warning C4002: too many actual parameters for macro 'checkCUDAError'
  radix.cu
  Building NVCC intermediate link file stream_compaction/CMakeFiles/stream_compaction.dir/Release/stream_compaction_intermediate_link.obj
  stream_compaction_generated_common.cu.obj
  stream_compaction_generated_cpu.cu.obj
  stream_compaction_generated_naive.cu.obj
  stream_compaction_generated_efficient.cu.obj
  stream_compaction_generated_thrust.cu.obj
  stream_compaction_generated_radix.cu.obj
  stream_compaction.vcxproj -> C:\Users\saketk\Project2-Number-Algorithms\Project2-Stream-Compaction\build\stream_compaction\Release\stream_compaction.lib
